<?xml version="1.0" encoding="UTF-8"?>
<!-- Generated by org.testng.reporters.JUnitReportReporter -->
<testsuite skipped="0" hostname="LAPTOP-5MTPK6BA" name="com.skillassure.happytrip.tests.HappyTripLogIn" tests="1" failures="0" timestamp="2020-07-03T00:54:55 IST" time="11.573" errors="0">
  <testcase name="logintoAdmin" time="11.573" classname="com.skillassure.happytrip.tests.HappyTripLogIn"/>
  <system-out/>
</testsuite> <!-- com.skillassure.happytrip.tests.HappyTripLogIn -->
