<?xml version="1.0" encoding="UTF-8"?>
<!-- Generated by org.testng.reporters.JUnitReportReporter -->
<testsuite skipped="0" hostname="LAPTOP-5MTPK6BA" name="com.skillassure.happytrip.tests.ExtentReport" tests="1" failures="0" timestamp="2020-07-03T01:16:16 IST" time="3.661" errors="0">
  <testcase name="adminlogintest" time="3.661" classname="com.skillassure.happytrip.tests.ExtentReport"/>
  <system-out/>
</testsuite> <!-- com.skillassure.happytrip.tests.ExtentReport -->
